<?xml version="1.0" encoding="UTF-8"?>
<testsuite name="com.studentapp.junit.studentsinfo.StudentsCRUDTest" time="2.131" tests="5" errors="1" skipped="0" failures="0">
  <properties>
[...]
</properties>
  <testcase name="test001" classname="com.studentapp.junit.studentsinfo.StudentsCRUDTest" time="0.11"/>
  <testcase name="test002" classname="com.studentapp.junit.studentsinfo.StudentsCRUDTest" time="0.846"/>
  <testcase name="test003" classname="com.studentapp.junit.studentsinfo.StudentsCRUDTest" time="0.39"/>
  <testcase name="test004" classname="com.studentapp.junit.studentsinfo.StudentsCRUDTest" time="0.253"/>
  <testcase name="com.studentapp.junit.studentsinfo.StudentsCRUDTest" classname="org.apache.maven.surefire.junit4.JUnit4Provider" time="0.532">
    <error message="Failed to generate configuration report" type="net.thucydides.core.reports.ReportGenerationFailedError">net.thucydides.core.reports.ReportGenerationFailedError: Failed to generate configuration report
	at java.util.concurrent.FutureTask.report(FutureTask.java:122)
	at java.util.concurrent.FutureTask.get(FutureTask.java:192)
	at net.thucydides.core.reports.ReportService.waitForReportGenerationToFinish(ReportService.java:182)
	at net.thucydides.core.reports.ReportService.generateReportsFor(ReportService.java:163)
	at net.thucydides.core.reports.ReportService.generateReportsFor(ReportService.java:112)
	at net.serenitybdd.junit.runners.SerenityRunner.generateReportsFor(SerenityRunner.java:410)
	at net.serenitybdd.junit.runners.SerenityRunner.generateReports(SerenityRunner.java:305)
	at net.serenitybdd.junit.runners.SerenityRunner.run(SerenityRunner.java:259)
	at org.apache.maven.surefire.junit4.JUnit4Provider.execute(JUnit4Provider.java:283)
	at org.apache.maven.surefire.junit4.JUnit4Provider.executeWithRerun(JUnit4Provider.java:173)
	at org.apache.maven.surefire.junit4.JUnit4Provider.executeTestSet(JUnit4Provider.java:153)
	at org.apache.maven.surefire.junit4.JUnit4Provider.invoke(JUnit4Provider.java:128)
Caused by: net.thucydides.core.reports.ReportGenerationFailedError: Failed to generate reports using net.thucydides.core.reports.html.HtmlAcceptanceTestReporter@6415f61e
	at net.thucydides.core.reports.ReportService.generateReportFor(ReportService.java:223)
	at net.thucydides.core.reports.ReportService.access$100(ReportService.java:35)
	at net.thucydides.core.reports.ReportService$1.run(ReportService.java:157)
	at java.util.concurrent.Executors$RunnableAdapter.call(Executors.java:511)
	at java.util.concurrent.FutureTask.run(FutureTask.java:266)
	at java.util.concurrent.ThreadPoolExecutor.runWorker(ThreadPoolExecutor.java:1149)
	at java.util.concurrent.ThreadPoolExecutor$Worker.run(ThreadPoolExecutor.java:624)
	at java.lang.Thread.run(Thread.java:748)
Caused by: java.lang.RuntimeException: Failed to merge template: Failed to process FreeMarker template
	at net.thucydides.core.reports.html.Merger$MergeBuilder.to(Merger.java:39)
	at net.thucydides.core.reports.html.HtmlAcceptanceTestReporter.generateReportPage(HtmlAcceptanceTestReporter.java:144)
	at net.thucydides.core.reports.html.HtmlAcceptanceTestReporter.generateReportFor(HtmlAcceptanceTestReporter.java:130)
	at net.thucydides.core.reports.ReportService.generateReportFor(ReportService.java:221)
	at net.thucydides.core.reports.ReportService.access$100(ReportService.java:35)
	at net.thucydides.core.reports.ReportService$1.run(ReportService.java:157)
	at java.util.concurrent.Executors$RunnableAdapter.call(Executors.java:511)
	at java.util.concurrent.FutureTask.run(FutureTask.java:266)
	at java.util.concurrent.ThreadPoolExecutor.runWorker(ThreadPoolExecutor.java:1149)
	at java.util.concurrent.ThreadPoolExecutor$Worker.run(ThreadPoolExecutor.java:624)
	at java.lang.Thread.run(Thread.java:748)
Caused by: net.thucydides.core.reports.templates.TemplateMergeException: Failed to process FreeMarker template
	at net.thucydides.core.reports.templates.FreemarkerReportTemplate.merge(FreemarkerReportTemplate.java:45)
	at net.thucydides.core.reports.html.Merger$MergeBuilder.to(Merger.java:37)
	at net.thucydides.core.reports.html.HtmlAcceptanceTestReporter.generateReportPage(HtmlAcceptanceTestReporter.java:144)
	at net.thucydides.core.reports.html.HtmlAcceptanceTestReporter.generateReportFor(HtmlAcceptanceTestReporter.java:130)
	at net.thucydides.core.reports.ReportService.generateReportFor(ReportService.java:221)
	at net.thucydides.core.reports.ReportService.access$100(ReportService.java:35)
	at net.thucydides.core.reports.ReportService$1.run(ReportService.java:157)
	at java.util.concurrent.Executors$RunnableAdapter.call(Executors.java:511)
	at java.util.concurrent.FutureTask.run(FutureTask.java:266)
	at java.util.concurrent.ThreadPoolExecutor.runWorker(ThreadPoolExecutor.java:1149)
	at java.util.concurrent.ThreadPoolExecutor$Worker.run(ThreadPoolExecutor.java:624)
	at java.lang.Thread.run(Thread.java:748)
Caused by: freemarker.core._TemplateModelException: Java method "net.thucydides.core.reports.html.Formatter.renderText(String)" threw an exception when invoked on net.thucydides.core.reports.html.Formatter object "net.thucydides.core.reports.html.Formatter@7a581dc2"; see cause exception in the Java stack trace.

----
FTL stack trace ("~" means nesting-related):
	- Failed at: ${formatter.renderText(restQuery.resp...  [in template "freemarker/default.ftl" in macro "restQueryData" at line 348, column 41]
	- Reached through: @restQueryData restQuery=step.restQue...  [in template "freemarker/default.ftl" in macro "step_details" at line 418, column 37]
	- Reached through: @step_details step=step step_number=s...  [in template "freemarker/default.ftl" in macro "write_step" at line 242, column 17]
	- Reached through: @write_step step=nestedStep step_numb...  [in template "freemarker/default.ftl" in macro "write_step" at line 252, column 25]
	- Reached through: @write_step step=step step_number=ste...  [in template "freemarker/default.ftl" at line 464, column 17]
----
	at freemarker.ext.beans._MethodUtil.newInvocationTemplateModelException(_MethodUtil.java:311)
	at freemarker.ext.beans._MethodUtil.newInvocationTemplateModelException(_MethodUtil.java:275)
	at freemarker.ext.beans.SimpleMethodModel.exec(SimpleMethodModel.java:80)
	at freemarker.core.MethodCall._eval(MethodCall.java:62)
	at freemarker.core.Expression.eval(Expression.java:78)
	at freemarker.core.Expression.evalAndCoerceToString(Expression.java:82)
	at freemarker.core.DollarVariable.accept(DollarVariable.java:41)
	at freemarker.core.Environment.visit(Environment.java:324)
	at freemarker.core.MixedContent.accept(MixedContent.java:54)
	at freemarker.core.Environment.visitByHiddingParent(Environment.java:345)
	at freemarker.core.ConditionalBlock.accept(ConditionalBlock.java:48)
	at freemarker.core.Environment.visit(Environment.java:324)
	at freemarker.core.MixedContent.accept(MixedContent.java:54)
	at freemarker.core.Environment.visit(Environment.java:324)
	at freemarker.core.Macro$Context.runMacro(Macro.java:184)
	at freemarker.core.Environment.invoke(Environment.java:701)
	at freemarker.core.UnifiedCall.accept(UnifiedCall.java:84)
	at freemarker.core.Environment.visit(Environment.java:324)
	at freemarker.core.MixedContent.accept(MixedContent.java:54)
	at freemarker.core.Environment.visitByHiddingParent(Environment.java:345)
	at freemarker.core.ConditionalBlock.accept(ConditionalBlock.java:48)
	at freemarker.core.Environment.visit(Environment.java:324)
	at freemarker.core.MixedContent.accept(MixedContent.java:54)
	at freemarker.core.Environment.visit(Environment.java:324)
	at freemarker.core.Macro$Context.runMacro(Macro.java:184)
	at freemarker.core.Environment.invoke(Environment.java:701)
	at freemarker.core.UnifiedCall.accept(UnifiedCall.java:84)
	at freemarker.core.Environment.visit(Environment.java:324)
	at freemarker.core.MixedContent.accept(MixedContent.java:54)
	at freemarker.core.Environment.visit(Environment.java:324)
	at freemarker.core.Macro$Context.runMacro(Macro.java:184)
	at freemarker.core.Environment.invoke(Environment.java:701)
	at freemarker.core.UnifiedCall.accept(UnifiedCall.java:84)
	at freemarker.core.Environment.visitByHiddingParent(Environment.java:345)
	at freemarker.core.IteratorBlock$IterationContext.executeNestedBlockInner(IteratorBlock.java:268)
	at freemarker.core.IteratorBlock$IterationContext.executeNestedBlock(IteratorBlock.java:220)
	at freemarker.core.IteratorBlock$IterationContext.accept(IteratorBlock.java:194)
	at freemarker.core.Environment.visitIteratorBlock(Environment.java:572)
	at freemarker.core.IteratorBlock.acceptWithResult(IteratorBlock.java:78)
	at freemarker.core.IteratorBlock.accept(IteratorBlock.java:64)
	at freemarker.core.Environment.visit(Environment.java:324)
	at freemarker.core.MixedContent.accept(MixedContent.java:54)
	at freemarker.core.Environment.visitByHiddingParent(Environment.java:345)
	at freemarker.core.ConditionalBlock.accept(ConditionalBlock.java:48)
	at freemarker.core.Environment.visit(Environment.java:324)
	at freemarker.core.MixedContent.accept(MixedContent.java:54)
	at freemarker.core.Environment.visit(Environment.java:324)
	at freemarker.core.Macro$Context.runMacro(Macro.java:184)
	at freemarker.core.Environment.invoke(Environment.java:701)
	at freemarker.core.UnifiedCall.accept(UnifiedCall.java:84)
	at freemarker.core.Environment.visitByHiddingParent(Environment.java:345)
	at freemarker.core.IteratorBlock$IterationContext.executeNestedBlockInner(IteratorBlock.java:268)
	at freemarker.core.IteratorBlock$IterationContext.executeNestedBlock(IteratorBlock.java:220)
	at freemarker.core.IteratorBlock$IterationContext.accept(IteratorBlock.java:194)
	at freemarker.core.Environment.visitIteratorBlock(Environment.java:572)
	at freemarker.core.IteratorBlock.acceptWithResult(IteratorBlock.java:78)
	at freemarker.core.IteratorBlock.accept(IteratorBlock.java:64)
	at freemarker.core.Environment.visit(Environment.java:324)
	at freemarker.core.MixedContent.accept(MixedContent.java:54)
	at freemarker.core.Environment.visit(Environment.java:324)
	at freemarker.core.Environment.process(Environment.java:302)
	at net.thucydides.core.reports.templates.FreemarkerReportTemplate.merge(FreemarkerReportTemplate.java:42)
	at net.thucydides.core.reports.html.Merger$MergeBuilder.to(Merger.java:37)
	at net.thucydides.core.reports.html.HtmlAcceptanceTestReporter.generateReportPage(HtmlAcceptanceTestReporter.java:144)
	at net.thucydides.core.reports.html.HtmlAcceptanceTestReporter.generateReportFor(HtmlAcceptanceTestReporter.java:130)
	at net.thucydides.core.reports.ReportService.generateReportFor(ReportService.java:221)
	at net.thucydides.core.reports.ReportService.access$100(ReportService.java:35)
	at net.thucydides.core.reports.ReportService$1.run(ReportService.java:157)
	at java.util.concurrent.Executors$RunnableAdapter.call(Executors.java:511)
	at java.util.concurrent.FutureTask.run(FutureTask.java:266)
	at java.util.concurrent.ThreadPoolExecutor.runWorker(ThreadPoolExecutor.java:1149)
	at java.util.concurrent.ThreadPoolExecutor$Worker.run(ThreadPoolExecutor.java:624)
	at java.lang.Thread.run(Thread.java:748)
Caused by: java.lang.NullPointerException: null
	at net.thucydides.core.reports.html.Formatter.renderText(Formatter.java:124)
	at sun.reflect.GeneratedMethodAccessor233.invoke(Unknown Source)
	at sun.reflect.DelegatingMethodAccessorImpl.invoke(DelegatingMethodAccessorImpl.java:43)
	at java.lang.reflect.Method.invoke(Method.java:498)
	at freemarker.ext.beans.BeansWrapper.invokeMethod(BeansWrapper.java:1458)
	at freemarker.ext.beans.SimpleMethodModel.exec(SimpleMethodModel.java:71)
	at freemarker.core.MethodCall._eval(MethodCall.java:62)
	at freemarker.core.Expression.eval(Expression.java:78)
	at freemarker.core.Expression.evalAndCoerceToString(Expression.java:82)
	at freemarker.core.DollarVariable.accept(DollarVariable.java:41)
	at freemarker.core.Environment.visit(Environment.java:324)
	at freemarker.core.MixedContent.accept(MixedContent.java:54)
	at freemarker.core.Environment.visitByHiddingParent(Environment.java:345)
	at freemarker.core.ConditionalBlock.accept(ConditionalBlock.java:48)
	at freemarker.core.Environment.visit(Environment.java:324)
	at freemarker.core.MixedContent.accept(MixedContent.java:54)
	at freemarker.core.Environment.visit(Environment.java:324)
	at freemarker.core.Macro$Context.runMacro(Macro.java:184)
	at freemarker.core.Environment.invoke(Environment.java:701)
	at freemarker.core.UnifiedCall.accept(UnifiedCall.java:84)
	at freemarker.core.Environment.visit(Environment.java:324)
	at freemarker.core.MixedContent.accept(MixedContent.java:54)
	at freemarker.core.Environment.visitByHiddingParent(Environment.java:345)
	at freemarker.core.ConditionalBlock.accept(ConditionalBlock.java:48)
	at freemarker.core.Environment.visit(Environment.java:324)
	at freemarker.core.MixedContent.accept(MixedContent.java:54)
	at freemarker.core.Environment.visit(Environment.java:324)
	at freemarker.core.Macro$Context.runMacro(Macro.java:184)
	at freemarker.core.Environment.invoke(Environment.java:701)
	at freemarker.core.UnifiedCall.accept(UnifiedCall.java:84)
	at freemarker.core.Environment.visit(Environment.java:324)
	at freemarker.core.MixedContent.accept(MixedContent.java:54)
	at freemarker.core.Environment.visit(Environment.java:324)
	at freemarker.core.Macro$Context.runMacro(Macro.java:184)
	at freemarker.core.Environment.invoke(Environment.java:701)
	at freemarker.core.UnifiedCall.accept(UnifiedCall.java:84)
	at freemarker.core.Environment.visitByHiddingParent(Environment.java:345)
	at freemarker.core.IteratorBlock$IterationContext.executeNestedBlockInner(IteratorBlock.java:268)
	at freemarker.core.IteratorBlock$IterationContext.executeNestedBlock(IteratorBlock.java:220)
	at freemarker.core.IteratorBlock$IterationContext.accept(IteratorBlock.java:194)
	at freemarker.core.Environment.visitIteratorBlock(Environment.java:572)
	at freemarker.core.IteratorBlock.acceptWithResult(IteratorBlock.java:78)
	at freemarker.core.IteratorBlock.accept(IteratorBlock.java:64)
	at freemarker.core.Environment.visit(Environment.java:324)
	at freemarker.core.MixedContent.accept(MixedContent.java:54)
	at freemarker.core.Environment.visitByHiddingParent(Environment.java:345)
	at freemarker.core.ConditionalBlock.accept(ConditionalBlock.java:48)
	at freemarker.core.Environment.visit(Environment.java:324)
	at freemarker.core.MixedContent.accept(MixedContent.java:54)
	at freemarker.core.Environment.visit(Environment.java:324)
	at freemarker.core.Macro$Context.runMacro(Macro.java:184)
	at freemarker.core.Environment.invoke(Environment.java:701)
	at freemarker.core.UnifiedCall.accept(UnifiedCall.java:84)
	at freemarker.core.Environment.visitByHiddingParent(Environment.java:345)
	at freemarker.core.IteratorBlock$IterationContext.executeNestedBlockInner(IteratorBlock.java:268)
	at freemarker.core.IteratorBlock$IterationContext.executeNestedBlock(IteratorBlock.java:220)
	at freemarker.core.IteratorBlock$IterationContext.accept(IteratorBlock.java:194)
	at freemarker.core.Environment.visitIteratorBlock(Environment.java:572)
	at freemarker.core.IteratorBlock.acceptWithResult(IteratorBlock.java:78)
	at freemarker.core.IteratorBlock.accept(IteratorBlock.java:64)
	at freemarker.core.Environment.visit(Environment.java:324)
	at freemarker.core.MixedContent.accept(MixedContent.java:54)
	at freemarker.core.Environment.visit(Environment.java:324)
	at freemarker.core.Environment.process(Environment.java:302)
	at net.thucydides.core.reports.templates.FreemarkerReportTemplate.merge(FreemarkerReportTemplate.java:42)
	at net.thucydides.core.reports.html.Merger$MergeBuilder.to(Merger.java:37)
	at net.thucydides.core.reports.html.HtmlAcceptanceTestReporter.generateReportPage(HtmlAcceptanceTestReporter.java:144)
	at net.thucydides.core.reports.html.HtmlAcceptanceTestReporter.generateReportFor(HtmlAcceptanceTestReporter.java:130)
	at net.thucydides.core.reports.ReportService.generateReportFor(ReportService.java:221)
	at net.thucydides.core.reports.ReportService.access$100(ReportService.java:35)
	at net.thucydides.core.reports.ReportService$1.run(ReportService.java:157)
	at java.util.concurrent.Executors$RunnableAdapter.call(Executors.java:511)
	at java.util.concurrent.FutureTask.run(FutureTask.java:266)
	at java.util.concurrent.ThreadPoolExecutor.runWorker(ThreadPoolExecutor.java:1149)
	at java.util.concurrent.ThreadPoolExecutor$Worker.run(ThreadPoolExecutor.java:624)
	at java.lang.Thread.run(Thread.java:748)
</error>
    <system-err><![CDATA[35371 [main] INFO net.serenitybdd.core.Serenity - 
        __    _____ _____ ____ _____   ____   _    ____  ____  _____ ____  
  _     \ \  |_   _| ____/ ___|_   _| |  _ \ / \  / ___|/ ___|| ____|  _ \ 
 (_)_____| |   | | |  _| \___ \ | |   | |_) / _ \ \___ \\___ \|  _| | | | |
  _|_____| |   | | | |___ ___) || |   |  __/ ___ \ ___) |___) | |___| |_| |
 (_)     | |   |_| |_____|____/ |_|   |_| /_/   \_\____/|____/|_____|____/ 
        /_/                                                                

TEST PASSED: Delete the student and verify if the student is deleted!
----------------------------------------------------------------------------
35381 [pool-1-thread-2] INFO net.thucydides.core.reports.json.JSONTestOutcomeReporter - Generating JSON report for This test will create a new student to file C:\SandBox\SerenityTutorial-master\StudentApp\target\site\serenity\98e0d727a231c5e84690039719ac8af64e4a082b47c4756e06f84acf142c8fb6.json (using temp file C:\SandBox\SerenityTutorial-master\StudentApp\target\site\serenity\98e0d727a231c5e84690039719ac8af64e4a082b47c4756e06f84acf142c8fb6.jsona969329b-b12d-46b9-93a3-dcad72f87a83)
35389 [pool-1-thread-4] INFO net.thucydides.core.reports.json.JSONTestOutcomeReporter - Generating JSON report for Verify if the student was added to the application to file C:\SandBox\SerenityTutorial-master\StudentApp\target\site\serenity\c80109ed9d195461fce486bcdead78186900d6a110d1c236c545177fb95efb31.json (using temp file C:\SandBox\SerenityTutorial-master\StudentApp\target\site\serenity\c80109ed9d195461fce486bcdead78186900d6a110d1c236c545177fb95efb31.json14a66cc3-8967-4885-9671-95827d2298b8)
35397 [pool-1-thread-1] INFO net.thucydides.core.reports.json.JSONTestOutcomeReporter - Generating JSON report for Delete the student and verify if the student is deleted! to file C:\SandBox\SerenityTutorial-master\StudentApp\target\site\serenity\96e63848d0c6652202ab0c50087ee547bbd3cb3f05e68ef3d9fff432b32985be.json (using temp file C:\SandBox\SerenityTutorial-master\StudentApp\target\site\serenity\96e63848d0c6652202ab0c50087ee547bbd3cb3f05e68ef3d9fff432b32985be.jsonaa9717fb-6163-4bd2-8b22-abf26fa28bb2)
35398 [pool-1-thread-3] INFO net.thucydides.core.reports.json.JSONTestOutcomeReporter - Generating JSON report for Update the user information and verify the updated information! to file C:\SandBox\SerenityTutorial-master\StudentApp\target\site\serenity\ae01743d24dbcff90bc9aa9c0dee6eeb14f4f9cf2d199d2f00bc7576e526dbbe.json (using temp file C:\SandBox\SerenityTutorial-master\StudentApp\target\site\serenity\ae01743d24dbcff90bc9aa9c0dee6eeb14f4f9cf2d199d2f00bc7576e526dbbe.json4b84224b-bab4-4020-aa8b-791a37ace1af)
35450 [pool-1-thread-2] INFO net.thucydides.core.reports.html.HtmlAcceptanceTestReporter - GENERATING HTML REPORT FOR Students CRUD test:test001 in 98e0d727a231c5e84690039719ac8af64e4a082b47c4756e06f84acf142c8fb6.html in directory target\site\serenity  
35452 [pool-1-thread-4] INFO net.thucydides.core.reports.html.HtmlAcceptanceTestReporter - GENERATING HTML REPORT FOR Students CRUD test:test002 in c80109ed9d195461fce486bcdead78186900d6a110d1c236c545177fb95efb31.html in directory target\site\serenity  
35455 [pool-1-thread-1] INFO net.thucydides.core.reports.html.HtmlAcceptanceTestReporter - GENERATING HTML REPORT FOR Students CRUD test:test003 in ae01743d24dbcff90bc9aa9c0dee6eeb14f4f9cf2d199d2f00bc7576e526dbbe.html in directory target\site\serenity  
35458 [pool-1-thread-3] INFO net.thucydides.core.reports.html.HtmlAcceptanceTestReporter - GENERATING HTML REPORT FOR Students CRUD test:test004 in 96e63848d0c6652202ab0c50087ee547bbd3cb3f05e68ef3d9fff432b32985be.html in directory target\site\serenity  
Aug 19, 2018 12:30:22 AM freemarker.log._JULLoggerFactory$JULLogger error
SEVERE: Error executing FreeMarker template
FreeMarker template error:
Java method "net.thucydides.core.reports.html.Formatter.renderText(String)" threw an exception when invoked on net.thucydides.core.reports.html.Formatter object "net.thucydides.core.reports.html.Formatter@7a581dc2"; see cause exception in the Java stack trace.

----
FTL stack trace ("~" means nesting-related):
	- Failed at: ${formatter.renderText(restQuery.resp...  [in template "freemarker/default.ftl" in macro "restQueryData" at line 348, column 41]
	- Reached through: @restQueryData restQuery=step.restQue...  [in template "freemarker/default.ftl" in macro "step_details" at line 418, column 37]
	- Reached through: @step_details step=step step_number=s...  [in template "freemarker/default.ftl" in macro "write_step" at line 242, column 17]
	- Reached through: @write_step step=nestedStep step_numb...  [in template "freemarker/default.ftl" in macro "write_step" at line 252, column 25]
	- Reached through: @write_step step=step step_number=ste...  [in template "freemarker/default.ftl" at line 464, column 17]
----

Java stack trace (for programmers):
----
freemarker.core._TemplateModelException: [... Exception message was already printed; see it above ...]
	at freemarker.ext.beans._MethodUtil.newInvocationTemplateModelException(_MethodUtil.java:311)
	at freemarker.ext.beans._MethodUtil.newInvocationTemplateModelException(_MethodUtil.java:275)
	at freemarker.ext.beans.SimpleMethodModel.exec(SimpleMethodModel.java:80)
	at freemarker.core.MethodCall._eval(MethodCall.java:62)
	at freemarker.core.Expression.eval(Expression.java:78)
	at freemarker.core.Expression.evalAndCoerceToString(Expression.java:82)
	at freemarker.core.DollarVariable.accept(DollarVariable.java:41)
	at freemarker.core.Environment.visit(Environment.java:324)
	at freemarker.core.MixedContent.accept(MixedContent.java:54)
	at freemarker.core.Environment.visitByHiddingParent(Environment.java:345)
	at freemarker.core.ConditionalBlock.accept(ConditionalBlock.java:48)
	at freemarker.core.Environment.visit(Environment.java:324)
	at freemarker.core.MixedContent.accept(MixedContent.java:54)
	at freemarker.core.Environment.visit(Environment.java:324)
	at freemarker.core.Macro$Context.runMacro(Macro.java:184)
	at freemarker.core.Environment.invoke(Environment.java:701)
	at freemarker.core.UnifiedCall.accept(UnifiedCall.java:84)
	at freemarker.core.Environment.visit(Environment.java:324)
	at freemarker.core.MixedContent.accept(MixedContent.java:54)
	at freemarker.core.Environment.visitByHiddingParent(Environment.java:345)
	at freemarker.core.ConditionalBlock.accept(ConditionalBlock.java:48)
	at freemarker.core.Environment.visit(Environment.java:324)
	at freemarker.core.MixedContent.accept(MixedContent.java:54)
	at freemarker.core.Environment.visit(Environment.java:324)
	at freemarker.core.Macro$Context.runMacro(Macro.java:184)
	at freemarker.core.Environment.invoke(Environment.java:701)
	at freemarker.core.UnifiedCall.accept(UnifiedCall.java:84)
	at freemarker.core.Environment.visit(Environment.java:324)
	at freemarker.core.MixedContent.accept(MixedContent.java:54)
	at freemarker.core.Environment.visit(Environment.java:324)
	at freemarker.core.Macro$Context.runMacro(Macro.java:184)
	at freemarker.core.Environment.invoke(Environment.java:701)
	at freemarker.core.UnifiedCall.accept(UnifiedCall.java:84)
	at freemarker.core.Environment.visitByHiddingParent(Environment.java:345)
	at freemarker.core.IteratorBlock$IterationContext.executeNestedBlockInner(IteratorBlock.java:268)
	at freemarker.core.IteratorBlock$IterationContext.executeNestedBlock(IteratorBlock.java:220)
	at freemarker.core.IteratorBlock$IterationContext.accept(IteratorBlock.java:194)
	at freemarker.core.Environment.visitIteratorBlock(Environment.java:572)
	at freemarker.core.IteratorBlock.acceptWithResult(IteratorBlock.java:78)
	at freemarker.core.IteratorBlock.accept(IteratorBlock.java:64)
	at freemarker.core.Environment.visit(Environment.java:324)
	at freemarker.core.MixedContent.accept(MixedContent.java:54)
	at freemarker.core.Environment.visitByHiddingParent(Environment.java:345)
	at freemarker.core.ConditionalBlock.accept(ConditionalBlock.java:48)
	at freemarker.core.Environment.visit(Environment.java:324)
	at freemarker.core.MixedContent.accept(MixedContent.java:54)
	at freemarker.core.Environment.visit(Environment.java:324)
	at freemarker.core.Macro$Context.runMacro(Macro.java:184)
	at freemarker.core.Environment.invoke(Environment.java:701)
	at freemarker.core.UnifiedCall.accept(UnifiedCall.java:84)
	at freemarker.core.Environment.visitByHiddingParent(Environment.java:345)
	at freemarker.core.IteratorBlock$IterationContext.executeNestedBlockInner(IteratorBlock.java:268)
	at freemarker.core.IteratorBlock$IterationContext.executeNestedBlock(IteratorBlock.java:220)
	at freemarker.core.IteratorBlock$IterationContext.accept(IteratorBlock.java:194)
	at freemarker.core.Environment.visitIteratorBlock(Environment.java:572)
	at freemarker.core.IteratorBlock.acceptWithResult(IteratorBlock.java:78)
	at freemarker.core.IteratorBlock.accept(IteratorBlock.java:64)
	at freemarker.core.Environment.visit(Environment.java:324)
	at freemarker.core.MixedContent.accept(MixedContent.java:54)
	at freemarker.core.Environment.visit(Environment.java:324)
	at freemarker.core.Environment.process(Environment.java:302)
	at net.thucydides.core.reports.templates.FreemarkerReportTemplate.merge(FreemarkerReportTemplate.java:42)
	at net.thucydides.core.reports.html.Merger$MergeBuilder.to(Merger.java:37)
	at net.thucydides.core.reports.html.HtmlAcceptanceTestReporter.generateReportPage(HtmlAcceptanceTestReporter.java:144)
	at net.thucydides.core.reports.html.HtmlAcceptanceTestReporter.generateReportFor(HtmlAcceptanceTestReporter.java:130)
	at net.thucydides.core.reports.ReportService.generateReportFor(ReportService.java:221)
	at net.thucydides.core.reports.ReportService.access$100(ReportService.java:35)
	at net.thucydides.core.reports.ReportService$1.run(ReportService.java:157)
	at java.util.concurrent.Executors$RunnableAdapter.call(Executors.java:511)
	at java.util.concurrent.FutureTask.run(FutureTask.java:266)
	at java.util.concurrent.ThreadPoolExecutor.runWorker(ThreadPoolExecutor.java:1149)
	at java.util.concurrent.ThreadPoolExecutor$Worker.run(ThreadPoolExecutor.java:624)
	at java.lang.Thread.run(Thread.java:748)
Caused by: java.lang.NullPointerException
	at net.thucydides.core.reports.html.Formatter.renderText(Formatter.java:124)
	at sun.reflect.GeneratedMethodAccessor233.invoke(Unknown Source)
	at sun.reflect.DelegatingMethodAccessorImpl.invoke(DelegatingMethodAccessorImpl.java:43)
	at java.lang.reflect.Method.invoke(Method.java:498)
	at freemarker.ext.beans.BeansWrapper.invokeMethod(BeansWrapper.java:1458)
	at freemarker.ext.beans.SimpleMethodModel.exec(SimpleMethodModel.java:71)
	... 70 more

35523 [pool-1-thread-3] WARN net.thucydides.core.reports.templates.FreemarkerReportTemplate - Report generation failed
FreeMarker template error:
Java method "net.thucydides.core.reports.html.Formatter.renderText(String)" threw an exception when invoked on net.thucydides.core.reports.html.Formatter object "net.thucydides.core.reports.html.Formatter@7a581dc2"; see cause exception in the Java stack trace.

----
FTL stack trace ("~" means nesting-related):
	- Failed at: ${formatter.renderText(restQuery.resp...  [in template "freemarker/default.ftl" in macro "restQueryData" at line 348, column 41]
	- Reached through: @restQueryData restQuery=step.restQue...  [in template "freemarker/default.ftl" in macro "step_details" at line 418, column 37]
	- Reached through: @step_details step=step step_number=s...  [in template "freemarker/default.ftl" in macro "write_step" at line 242, column 17]
	- Reached through: @write_step step=nestedStep step_numb...  [in template "freemarker/default.ftl" in macro "write_step" at line 252, column 25]
	- Reached through: @write_step step=step step_number=ste...  [in template "freemarker/default.ftl" at line 464, column 17]
----

Java stack trace (for programmers):
----
freemarker.core._TemplateModelException: [... Exception message was already printed; see it above ...]
	at freemarker.ext.beans._MethodUtil.newInvocationTemplateModelException(_MethodUtil.java:311)
	at freemarker.ext.beans._MethodUtil.newInvocationTemplateModelException(_MethodUtil.java:275)
	at freemarker.ext.beans.SimpleMethodModel.exec(SimpleMethodModel.java:80)
	at freemarker.core.MethodCall._eval(MethodCall.java:62)
	at freemarker.core.Expression.eval(Expression.java:78)
	at freemarker.core.Expression.evalAndCoerceToString(Expression.java:82)
	at freemarker.core.DollarVariable.accept(DollarVariable.java:41)
	at freemarker.core.Environment.visit(Environment.java:324)
	at freemarker.core.MixedContent.accept(MixedContent.java:54)
	at freemarker.core.Environment.visitByHiddingParent(Environment.java:345)
	at freemarker.core.ConditionalBlock.accept(ConditionalBlock.java:48)
	at freemarker.core.Environment.visit(Environment.java:324)
	at freemarker.core.MixedContent.accept(MixedContent.java:54)
	at freemarker.core.Environment.visit(Environment.java:324)
	at freemarker.core.Macro$Context.runMacro(Macro.java:184)
	at freemarker.core.Environment.invoke(Environment.java:701)
	at freemarker.core.UnifiedCall.accept(UnifiedCall.java:84)
	at freemarker.core.Environment.visit(Environment.java:324)
	at freemarker.core.MixedContent.accept(MixedContent.java:54)
	at freemarker.core.Environment.visitByHiddingParent(Environment.java:345)
	at freemarker.core.ConditionalBlock.accept(ConditionalBlock.java:48)
	at freemarker.core.Environment.visit(Environment.java:324)
	at freemarker.core.MixedContent.accept(MixedContent.java:54)
	at freemarker.core.Environment.visit(Environment.java:324)
	at freemarker.core.Macro$Context.runMacro(Macro.java:184)
	at freemarker.core.Environment.invoke(Environment.java:701)
	at freemarker.core.UnifiedCall.accept(UnifiedCall.java:84)
	at freemarker.core.Environment.visit(Environment.java:324)
	at freemarker.core.MixedContent.accept(MixedContent.java:54)
	at freemarker.core.Environment.visit(Environment.java:324)
	at freemarker.core.Macro$Context.runMacro(Macro.java:184)
	at freemarker.core.Environment.invoke(Environment.java:701)
	at freemarker.core.UnifiedCall.accept(UnifiedCall.java:84)
	at freemarker.core.Environment.visitByHiddingParent(Environment.java:345)
	at freemarker.core.IteratorBlock$IterationContext.executeNestedBlockInner(IteratorBlock.java:268)
	at freemarker.core.IteratorBlock$IterationContext.executeNestedBlock(IteratorBlock.java:220)
	at freemarker.core.IteratorBlock$IterationContext.accept(IteratorBlock.java:194)
	at freemarker.core.Environment.visitIteratorBlock(Environment.java:572)
	at freemarker.core.IteratorBlock.acceptWithResult(IteratorBlock.java:78)
	at freemarker.core.IteratorBlock.accept(IteratorBlock.java:64)
	at freemarker.core.Environment.visit(Environment.java:324)
	at freemarker.core.MixedContent.accept(MixedContent.java:54)
	at freemarker.core.Environment.visitByHiddingParent(Environment.java:345)
	at freemarker.core.ConditionalBlock.accept(ConditionalBlock.java:48)
	at freemarker.core.Environment.visit(Environment.java:324)
	at freemarker.core.MixedContent.accept(MixedContent.java:54)
	at freemarker.core.Environment.visit(Environment.java:324)
	at freemarker.core.Macro$Context.runMacro(Macro.java:184)
	at freemarker.core.Environment.invoke(Environment.java:701)
	at freemarker.core.UnifiedCall.accept(UnifiedCall.java:84)
	at freemarker.core.Environment.visitByHiddingParent(Environment.java:345)
	at freemarker.core.IteratorBlock$IterationContext.executeNestedBlockInner(IteratorBlock.java:268)
	at freemarker.core.IteratorBlock$IterationContext.executeNestedBlock(IteratorBlock.java:220)
	at freemarker.core.IteratorBlock$IterationContext.accept(IteratorBlock.java:194)
	at freemarker.core.Environment.visitIteratorBlock(Environment.java:572)
	at freemarker.core.IteratorBlock.acceptWithResult(IteratorBlock.java:78)
	at freemarker.core.IteratorBlock.accept(IteratorBlock.java:64)
	at freemarker.core.Environment.visit(Environment.java:324)
	at freemarker.core.MixedContent.accept(MixedContent.java:54)
	at freemarker.core.Environment.visit(Environment.java:324)
	at freemarker.core.Environment.process(Environment.java:302)
	at net.thucydides.core.reports.templates.FreemarkerReportTemplate.merge(FreemarkerReportTemplate.java:42)
	at net.thucydides.core.reports.html.Merger$MergeBuilder.to(Merger.java:37)
	at net.thucydides.core.reports.html.HtmlAcceptanceTestReporter.generateReportPage(HtmlAcceptanceTestReporter.java:144)
	at net.thucydides.core.reports.html.HtmlAcceptanceTestReporter.generateReportFor(HtmlAcceptanceTestReporter.java:130)
	at net.thucydides.core.reports.ReportService.generateReportFor(ReportService.java:221)
	at net.thucydides.core.reports.ReportService.access$100(ReportService.java:35)
	at net.thucydides.core.reports.ReportService$1.run(ReportService.java:157)
	at java.util.concurrent.Executors$RunnableAdapter.call(Executors.java:511)
	at java.util.concurrent.FutureTask.run(FutureTask.java:266)
	at java.util.concurrent.ThreadPoolExecutor.runWorker(ThreadPoolExecutor.java:1149)
	at java.util.concurrent.ThreadPoolExecutor$Worker.run(ThreadPoolExecutor.java:624)
	at java.lang.Thread.run(Thread.java:748)
Caused by: java.lang.NullPointerException
	at net.thucydides.core.reports.html.Formatter.renderText(Formatter.java:124)
	at sun.reflect.GeneratedMethodAccessor233.invoke(Unknown Source)
	at sun.reflect.DelegatingMethodAccessorImpl.invoke(DelegatingMethodAccessorImpl.java:43)
	at java.lang.reflect.Method.invoke(Method.java:498)
	at freemarker.ext.beans.BeansWrapper.invokeMethod(BeansWrapper.java:1458)
	at freemarker.ext.beans.SimpleMethodModel.exec(SimpleMethodModel.java:71)
	... 70 more
35537 [pool-1-thread-3] ERROR net.thucydides.core.reports.templates.FreemarkerReportTemplate - Syntax error in report template: Java method "net.thucydides.core.reports.html.Formatter.renderText(String)" threw an exception when invoked on net.thucydides.core.reports.html.Formatter object "net.thucydides.core.reports.html.Formatter@7a581dc2"; see cause exception in the Java stack trace.

----
FTL stack trace ("~" means nesting-related):
	- Failed at: ${formatter.renderText(restQuery.resp...  [in template "freemarker/default.ftl" in macro "restQueryData" at line 348, column 41]
	- Reached through: @restQueryData restQuery=step.restQue...  [in template "freemarker/default.ftl" in macro "step_details" at line 418, column 37]
	- Reached through: @step_details step=step step_number=s...  [in template "freemarker/default.ftl" in macro "write_step" at line 242, column 17]
	- Reached through: @write_step step=nestedStep step_numb...  [in template "freemarker/default.ftl" in macro "write_step" at line 252, column 25]
	- Reached through: @write_step step=step step_number=ste...  [in template "freemarker/default.ftl" at line 464, column 17]
----
	- Failed at: ${formatter.renderText(restQuery.resp...  [in template "freemarker/default.ftl" in macro "restQueryData" at line 348, column 41]
	- Reached through: @restQueryData restQuery=step.restQue...  [in template "freemarker/default.ftl" in macro "step_details" at line 418, column 37]
	- Reached through: @step_details step=step step_number=s...  [in template "freemarker/default.ftl" in macro "write_step" at line 242, column 17]
	- Reached through: @write_step step=nestedStep step_numb...  [in template "freemarker/default.ftl" in macro "write_step" at line 252, column 25]
	- Reached through: @write_step step=step step_number=ste...  [in template "freemarker/default.ftl" at line 464, column 17]

]]></system-err>
  </testcase>
</testsuite>